[INFO] Scanning for projects...
[INFO] 
[INFO] ----------------------< com.education:education >-----------------------
[INFO] Building education 0.0.1-SNAPSHOT
[INFO]   from pom.xml
[INFO] --------------------------------[ jar ]---------------------------------
[INFO] 
[INFO] >>> spring-boot:3.5.5:run (default-cli) > test-compile @ education >>>
[INFO] 
[INFO] --- resources:3.3.1:resources (default-resources) @ education ---
[INFO] Copying 1 resource from src/main/resources to target/classes
[INFO] Copying 0 resource from src/main/resources to target/classes
[INFO] 
[INFO] --- compiler:3.14.0:compile (default-compile) @ education ---
[INFO] Recompiling the module because of changed source code.
[INFO] Compiling 50 source files with javac [debug parameters release 17] to target/classes
[INFO] 
[INFO] --- resources:3.3.1:testResources (default-testResources) @ education ---
[INFO] skip non existing resourceDirectory /Users/sumanhm/Downloads/education/src/test/resources
[INFO] 
[INFO] --- compiler:3.14.0:testCompile (default-testCompile) @ education ---
[INFO] Recompiling the module because of changed dependency.
[INFO] Compiling 1 source file with javac [debug parameters release 17] to target/test-classes
[INFO] 
[INFO] <<< spring-boot:3.5.5:run (default-cli) < test-compile @ education <<<
[INFO] 
[INFO] 
[INFO] --- spring-boot:3.5.5:run (default-cli) @ education ---
[INFO] Attaching agents: []
Standard Commons Logging discovery in action with spring-jcl: please remove commons-logging.jar from classpath in order to avoid potential conflicts

  .   ____          _            __ _ _
 /\\ / ___'_ __ _ _(_)_ __  __ _ \ \ \ \
( ( )\___ | '_ | '_| | '_ \/ _` | \ \ \ \
 \\/  ___)| |_)| | | | | || (_| |  ) ) ) )
  '  |____| .__|_| |_|_| |_\__, | / / / /
 =========|_|==============|___/=/_/_/_/

 :: Spring Boot ::                (v3.5.5)

2025-09-21T19:37:24.572+05:30  INFO 32245 --- [education] [           main] c.e.education.EducationApplication       : Starting EducationApplication using Java 17.0.16 with PID 32245 (/Users/sumanhm/Downloads/education/target/classes started by sumanhm in /Users/sumanhm/Downloads/education)
2025-09-21T19:37:24.573+05:30 DEBUG 32245 --- [education] [           main] c.e.education.EducationApplication       : Running with Spring Boot v3.5.5, Spring v6.2.10
2025-09-21T19:37:24.573+05:30  INFO 32245 --- [education] [           main] c.e.education.EducationApplication       : No active profile set, falling back to 1 default profile: "default"
2025-09-21T19:37:24.791+05:30  INFO 32245 --- [education] [           main] .s.d.r.c.RepositoryConfigurationDelegate : Bootstrapping Spring Data JPA repositories in DEFAULT mode.
2025-09-21T19:37:24.847+05:30  INFO 32245 --- [education] [           main] .s.d.r.c.RepositoryConfigurationDelegate : Finished Spring Data repository scanning in 52 ms. Found 4 JPA repository interfaces.
2025-09-21T19:37:25.016+05:30  INFO 32245 --- [education] [           main] o.s.b.w.embedded.tomcat.TomcatWebServer  : Tomcat initialized with port 8080 (http)
2025-09-21T19:37:25.021+05:30  INFO 32245 --- [education] [           main] o.apache.catalina.core.StandardService   : Starting service [Tomcat]
2025-09-21T19:37:25.021+05:30  INFO 32245 --- [education] [           main] o.apache.catalina.core.StandardEngine    : Starting Servlet engine: [Apache Tomcat/10.1.44]
2025-09-21T19:37:25.040+05:30  INFO 32245 --- [education] [           main] o.a.c.c.C.[Tomcat].[localhost].[/]       : Initializing Spring embedded WebApplicationContext
2025-09-21T19:37:25.041+05:30  INFO 32245 --- [education] [           main] w.s.c.ServletWebServerApplicationContext : Root WebApplicationContext: initialization completed in 456 ms
Standard Commons Logging discovery in action with spring-jcl: please remove commons-logging.jar from classpath in order to avoid potential conflicts
2025-09-21T19:37:25.058+05:30 DEBUG 32245 --- [education] [           main] c.e.education.config.JwtRequestFilter    : Filter 'jwtRequestFilter' configured for use
2025-09-21T19:37:25.092+05:30  INFO 32245 --- [education] [           main] o.hibernate.jpa.internal.util.LogHelper  : HHH000204: Processing PersistenceUnitInfo [name: default]
2025-09-21T19:37:25.108+05:30  INFO 32245 --- [education] [           main] org.hibernate.Version                    : HHH000412: Hibernate ORM core version 6.6.26.Final
2025-09-21T19:37:25.117+05:30  INFO 32245 --- [education] [           main] o.h.c.internal.RegionFactoryInitiator    : HHH000026: Second-level cache disabled
2025-09-21T19:37:25.195+05:30  INFO 32245 --- [education] [           main] o.s.o.j.p.SpringPersistenceUnitInfo      : No LoadTimeWeaver setup: ignoring JPA class transformer
2025-09-21T19:37:25.203+05:30  INFO 32245 --- [education] [           main] com.zaxxer.hikari.HikariDataSource       : HikariPool-1 - Starting...
2025-09-21T19:37:25.258+05:30  INFO 32245 --- [education] [           main] com.zaxxer.hikari.pool.HikariPool        : HikariPool-1 - Added connection org.postgresql.jdbc.PgConnection@1c8f71a7
2025-09-21T19:37:25.259+05:30  INFO 32245 --- [education] [           main] com.zaxxer.hikari.HikariDataSource       : HikariPool-1 - Start completed.
2025-09-21T19:37:25.271+05:30  WARN 32245 --- [education] [           main] org.hibernate.orm.deprecation            : HHH90000025: PostgreSQLDialect does not need to be specified explicitly using 'hibernate.dialect' (remove the property setting and it will be selected by default)
2025-09-21T19:37:25.276+05:30  INFO 32245 --- [education] [           main] org.hibernate.orm.connections.pooling    : HHH10001005: Database info:
	Database JDBC URL [Connecting through datasource 'HikariDataSource (HikariPool-1)']
	Database driver: undefined/unknown
	Database version: 17.6
	Autocommit mode: undefined/unknown
	Isolation level: undefined/unknown
	Minimum pool size: undefined/unknown
	Maximum pool size: undefined/unknown
2025-09-21T19:37:25.595+05:30  INFO 32245 --- [education] [           main] o.h.e.t.j.p.i.JtaPlatformInitiator       : HHH000489: No JTA platform available (set 'hibernate.transaction.jta.platform' to enable JTA platform integration)
2025-09-21T19:37:25.746+05:30  INFO 32245 --- [education] [           main] j.LocalContainerEntityManagerFactoryBean : Initialized JPA EntityManagerFactory for persistence unit 'default'
2025-09-21T19:37:25.823+05:30  INFO 32245 --- [education] [           main] o.s.d.j.r.query.QueryEnhancerFactory     : Hibernate is in classpath; If applicable, HQL parser will be used.
2025-09-21T19:37:26.240+05:30  WARN 32245 --- [education] [           main] JpaBaseConfiguration$JpaWebConfiguration : spring.jpa.open-in-view is enabled by default. Therefore, database queries may be performed during view rendering. Explicitly configure spring.jpa.open-in-view to disable this warning
2025-09-21T19:37:26.288+05:30 DEBUG 32245 --- [education] [           main] swordEncoderAuthenticationManagerBuilder : No authenticationProviders and no parentAuthenticationManager defined. Returning null.
2025-09-21T19:37:26.315+05:30 DEBUG 32245 --- [education] [           main] o.s.s.web.DefaultSecurityFilterChain     : Will secure any request with filters: DisableEncodeUrlFilter, WebAsyncManagerIntegrationFilter, SecurityContextHolderFilter, HeaderWriterFilter, CorsFilter, LogoutFilter, RequestCacheAwareFilter, SecurityContextHolderAwareRequestFilter, AnonymousAuthenticationFilter, SessionManagementFilter, ExceptionTranslationFilter, AuthorizationFilter
2025-09-21T19:37:26.360+05:30  WARN 32245 --- [education] [           main] ion$DefaultTemplateResolverConfiguration : Cannot find template location: classpath:/templates/ (please add some templates, check your Thymeleaf configuration, or set spring.thymeleaf.check-template-location=false)
2025-09-21T19:37:26.427+05:30  INFO 32245 --- [education] [           main] o.s.b.w.embedded.tomcat.TomcatWebServer  : Tomcat started on port 8080 (http) with context path '/'
2025-09-21T19:37:26.431+05:30  INFO 32245 --- [education] [           main] c.e.education.EducationApplication       : Started EducationApplication in 1.985 seconds (process running for 2.089)
2025-09-21T19:37:26.455+05:30 DEBUG 32245 --- [education] [           main] org.hibernate.SQL                        : 
    /* select
        count(*) 
    from
        College x */ select
            count(*) 
        from
            colleges c1_0
College data already exists. Skipping initialization.
2025-09-21T19:37:26.460+05:30 DEBUG 32245 --- [education] [           main] org.hibernate.SQL                        : 
    /* select
        count(*) 
    from
        Quiz x */ select
            count(*) 
        from
            quizzes q1_0
2025-09-21T21:28:55.065+05:30  INFO 32245 --- [education] [ionShutdownHook] o.s.b.w.e.tomcat.GracefulShutdown        : Commencing graceful shutdown. Waiting for active requests to complete
2025-09-21T21:28:55.116+05:30  INFO 32245 --- [education] [tomcat-shutdown] o.s.b.w.e.tomcat.GracefulShutdown        : Graceful shutdown complete
2025-09-21T21:28:55.167+05:30  INFO 32245 --- [education] [ionShutdownHook] j.LocalContainerEntityManagerFactoryBean : Closing JPA EntityManagerFactory for persistence unit 'default'
2025-09-21T21:28:55.181+05:30  INFO 32245 --- [education] [ionShutdownHook] com.zaxxer.hikari.HikariDataSource       : HikariPool-1 - Shutdown initiated...
2025-09-21T21:28:55.183+05:30  INFO 32245 --- [education] [ionShutdownHook] com.zaxxer.hikari.HikariDataSource       : HikariPool-1 - Shutdown completed.
[INFO] ------------------------------------------------------------------------
[INFO] BUILD FAILURE
[INFO] ------------------------------------------------------------------------
[INFO] Total time:  01:51 h
[INFO] Finished at: 2025-09-21T21:28:55+05:30
[INFO] ------------------------------------------------------------------------
[ERROR] Failed to execute goal org.springframework.boot:spring-boot-maven-plugin:3.5.5:run (default-cli) on project education: Process terminated with exit code: 143 -> [Help 1]
[ERROR] 
[ERROR] To see the full stack trace of the errors, re-run Maven with the -e switch.
[ERROR] Re-run Maven using the -X switch to enable full debug logging.
[ERROR] 
[ERROR] For more information about the errors and possible solutions, please read the following articles:
[ERROR] [Help 1] http://cwiki.apache.org/confluence/display/MAVEN/MojoExecutionException
possible solutions, please read the following articles:
[ERROR] [Help 1] http://cwiki.apache.org/confluence/display/MAVEN/MojoExecutionException
