Standard Commons Logging discovery in action with spring-jcl: please remove commons-logging.jar from classpath in order to avoid potential conflicts

  .   ____          _            __ _ _
 /\\ / ___'_ __ _ _(_)_ __  __ _ \ \ \ \
( ( )\___ | '_ | '_| | '_ \/ _` | \ \ \ \
 \\/  ___)| |_)| | | | | || (_| |  ) ) ) )
  '  |____| .__|_| |_|_| |_\__, | / / / /
 =========|_|==============|___/=/_/_/_/

 :: Spring Boot ::                (v3.5.5)

2025-09-18T02:56:00.154+05:30  INFO 86594 --- [education] [           main] c.e.education.EducationApplication       : Starting EducationApplication v0.0.1-SNAPSHOT using Java 24.0.2 with PID 86594 (/Users/sumanhm/Downloads/education/target/education-0.0.1-SNAPSHOT.jar started by sumanhm in /Users/sumanhm/Downloads/education)
2025-09-18T02:56:00.155+05:30 DEBUG 86594 --- [education] [           main] c.e.education.EducationApplication       : Running with Spring Boot v3.5.5, Spring v6.2.10
2025-09-18T02:56:00.155+05:30  INFO 86594 --- [education] [           main] c.e.education.EducationApplication       : No active profile set, falling back to 1 default profile: "default"
2025-09-18T02:56:00.432+05:30  INFO 86594 --- [education] [           main] .s.d.r.c.RepositoryConfigurationDelegate : Bootstrapping Spring Data JPA repositories in DEFAULT mode.
2025-09-18T02:56:00.505+05:30  INFO 86594 --- [education] [           main] .s.d.r.c.RepositoryConfigurationDelegate : Finished Spring Data repository scanning in 68 ms. Found 4 JPA repository interfaces.
2025-09-18T02:56:00.725+05:30  INFO 86594 --- [education] [           main] o.s.b.w.embedded.tomcat.TomcatWebServer  : Tomcat initialized with port 8080 (http)
2025-09-18T02:56:00.730+05:30  INFO 86594 --- [education] [           main] o.apache.catalina.core.StandardService   : Starting service [Tomcat]
2025-09-18T02:56:00.730+05:30  INFO 86594 --- [education] [           main] o.apache.catalina.core.StandardEngine    : Starting Servlet engine: [Apache Tomcat/10.1.44]
2025-09-18T02:56:00.740+05:30  INFO 86594 --- [education] [           main] o.a.c.c.C.[Tomcat].[localhost].[/]       : Initializing Spring embedded WebApplicationContext
2025-09-18T02:56:00.740+05:30  INFO 86594 --- [education] [           main] w.s.c.ServletWebServerApplicationContext : Root WebApplicationContext: initialization completed in 566 ms
Standard Commons Logging discovery in action with spring-jcl: please remove commons-logging.jar from classpath in order to avoid potential conflicts
2025-09-18T02:56:00.760+05:30 DEBUG 86594 --- [education] [           main] c.e.education.config.JwtRequestFilter    : Filter 'jwtRequestFilter' configured for use
2025-09-18T02:56:00.808+05:30  INFO 86594 --- [education] [           main] o.hibernate.jpa.internal.util.LogHelper  : HHH000204: Processing PersistenceUnitInfo [name: default]
2025-09-18T02:56:00.831+05:30  INFO 86594 --- [education] [           main] org.hibernate.Version                    : HHH000412: Hibernate ORM core version 6.6.26.Final
2025-09-18T02:56:00.842+05:30  INFO 86594 --- [education] [           main] o.h.c.internal.RegionFactoryInitiator    : HHH000026: Second-level cache disabled
2025-09-18T02:56:00.933+05:30  INFO 86594 --- [education] [           main] o.s.o.j.p.SpringPersistenceUnitInfo      : No LoadTimeWeaver setup: ignoring JPA class transformer
2025-09-18T02:56:00.943+05:30  INFO 86594 --- [education] [           main] com.zaxxer.hikari.HikariDataSource       : HikariPool-1 - Starting...
2025-09-18T02:56:01.020+05:30  INFO 86594 --- [education] [           main] com.zaxxer.hikari.pool.HikariPool        : HikariPool-1 - Added connection org.postgresql.jdbc.PgConnection@1884e671
2025-09-18T02:56:01.021+05:30  INFO 86594 --- [education] [           main] com.zaxxer.hikari.HikariDataSource       : HikariPool-1 - Start completed.
2025-09-18T02:56:01.032+05:30  WARN 86594 --- [education] [           main] org.hibernate.orm.deprecation            : HHH90000025: PostgreSQLDialect does not need to be specified explicitly using 'hibernate.dialect' (remove the property setting and it will be selected by default)
2025-09-18T02:56:01.038+05:30  INFO 86594 --- [education] [           main] org.hibernate.orm.connections.pooling    : HHH10001005: Database info:
	Database JDBC URL [Connecting through datasource 'HikariDataSource (HikariPool-1)']
	Database driver: undefined/unknown
	Database version: 17.6
	Autocommit mode: undefined/unknown
	Isolation level: undefined/unknown
	Minimum pool size: undefined/unknown
	Maximum pool size: undefined/unknown
2025-09-18T02:56:01.417+05:30  INFO 86594 --- [education] [           main] o.h.e.t.j.p.i.JtaPlatformInitiator       : HHH000489: No JTA platform available (set 'hibernate.transaction.jta.platform' to enable JTA platform integration)
2025-09-18T02:56:01.563+05:30  INFO 86594 --- [education] [           main] j.LocalContainerEntityManagerFactoryBean : Initialized JPA EntityManagerFactory for persistence unit 'default'
2025-09-18T02:56:01.657+05:30  INFO 86594 --- [education] [           main] o.s.d.j.r.query.QueryEnhancerFactory     : Hibernate is in classpath; If applicable, HQL parser will be used.
2025-09-18T02:56:02.116+05:30  WARN 86594 --- [education] [           main] JpaBaseConfiguration$JpaWebConfiguration : spring.jpa.open-in-view is enabled by default. Therefore, database queries may be performed during view rendering. Explicitly configure spring.jpa.open-in-view to disable this warning
2025-09-18T02:56:02.178+05:30 DEBUG 86594 --- [education] [           main] swordEncoderAuthenticationManagerBuilder : No authenticationProviders and no parentAuthenticationManager defined. Returning null.
2025-09-18T02:56:02.217+05:30 DEBUG 86594 --- [education] [           main] o.s.s.web.DefaultSecurityFilterChain     : Will secure any request with filters: DisableEncodeUrlFilter, WebAsyncManagerIntegrationFilter, SecurityContextHolderFilter, HeaderWriterFilter, CorsFilter, LogoutFilter, JwtRequestFilter, RequestCacheAwareFilter, SecurityContextHolderAwareRequestFilter, AnonymousAuthenticationFilter, SessionManagementFilter, ExceptionTranslationFilter, AuthorizationFilter
2025-09-18T02:56:02.276+05:30  WARN 86594 --- [education] [           main] ion$DefaultTemplateResolverConfiguration : Cannot find template location: classpath:/templates/ (please add some templates, check your Thymeleaf configuration, or set spring.thymeleaf.check-template-location=false)
WARNING: A terminally deprecated method in sun.misc.Unsafe has been called
WARNING: sun.misc.Unsafe::allocateMemory has been called by io.netty.util.internal.PlatformDependent0$2 (jar:nested:/Users/sumanhm/Downloads/education/target/education-0.0.1-SNAPSHOT.jar/!BOOT-INF/lib/netty-common-4.1.124.Final.jar!/)
WARNING: Please consider reporting this to the maintainers of class io.netty.util.internal.PlatformDependent0$2
WARNING: sun.misc.Unsafe::allocateMemory will be removed in a future release
2025-09-18T02:56:02.369+05:30  WARN 86594 --- [education] [           main] ConfigServletWebServerApplicationContext : Exception encountered during context initialization - cancelling refresh attempt: org.springframework.context.ApplicationContextException: Failed to start bean 'webServerStartStop'
2025-09-18T02:56:02.371+05:30  INFO 86594 --- [education] [           main] j.LocalContainerEntityManagerFactoryBean : Closing JPA EntityManagerFactory for persistence unit 'default'
2025-09-18T02:56:02.371+05:30  INFO 86594 --- [education] [           main] com.zaxxer.hikari.HikariDataSource       : HikariPool-1 - Shutdown initiated...
2025-09-18T02:56:02.372+05:30  INFO 86594 --- [education] [           main] com.zaxxer.hikari.HikariDataSource       : HikariPool-1 - Shutdown completed.
2025-09-18T02:56:02.377+05:30  INFO 86594 --- [education] [           main] .s.b.a.l.ConditionEvaluationReportLogger : 

Error starting ApplicationContext. To display the condition evaluation report re-run your application with 'debug' enabled.
2025-09-18T02:56:02.383+05:30 ERROR 86594 --- [education] [           main] o.s.b.d.LoggingFailureAnalysisReporter   : 

***************************
APPLICATION FAILED TO START
***************************

Description:

Web server failed to start. Port 8080 was already in use.

Action:

Identify and stop the process that's listening on port 8080 or configure this application to listen on another port.

