[INFO] Scanning for projects...
[INFO] 
[INFO] ----------------------< com.education:education >-----------------------
[INFO] Building education 0.0.1-SNAPSHOT
[INFO]   from pom.xml
[INFO] --------------------------------[ jar ]---------------------------------
[INFO] 
[INFO] >>> spring-boot:3.5.5:run (default-cli) > test-compile @ education >>>
[INFO] 
[INFO] --- resources:3.3.1:resources (default-resources) @ education ---
[INFO] Copying 1 resource from src/main/resources to target/classes
[INFO] Copying 0 resource from src/main/resources to target/classes
[INFO] 
[INFO] --- compiler:3.14.0:compile (default-compile) @ education ---
[INFO] Recompiling the module because of changed source code.
[INFO] Compiling 50 source files with javac [debug parameters release 17] to target/classes
[INFO] 
[INFO] --- resources:3.3.1:testResources (default-testResources) @ education ---
[INFO] skip non existing resourceDirectory /Users/sumanhm/Downloads/education/src/test/resources
[INFO] 
[INFO] --- compiler:3.14.0:testCompile (default-testCompile) @ education ---
[INFO] Recompiling the module because of changed dependency.
[INFO] Compiling 1 source file with javac [debug parameters release 17] to target/test-classes
[INFO] 
[INFO] <<< spring-boot:3.5.5:run (default-cli) < test-compile @ education <<<
[INFO] 
[INFO] 
[INFO] --- spring-boot:3.5.5:run (default-cli) @ education ---
[INFO] Attaching agents: []
Standard Commons Logging discovery in action with spring-jcl: please remove commons-logging.jar from classpath in order to avoid potential conflicts

  .   ____          _            __ _ _
 /\\ / ___'_ __ _ _(_)_ __  __ _ \ \ \ \
( ( )\___ | '_ | '_| | '_ \/ _` | \ \ \ \
 \\/  ___)| |_)| | | | | || (_| |  ) ) ) )
  '  |____| .__|_| |_|_| |_\__, | / / / /
 =========|_|==============|___/=/_/_/_/

 :: Spring Boot ::                (v3.5.5)

2025-09-21T19:08:03.519+05:30  INFO 18517 --- [education] [           main] c.e.education.EducationApplication       : Starting EducationApplication using Java 17.0.16 with PID 18517 (/Users/sumanhm/Downloads/education/target/classes started by sumanhm in /Users/sumanhm/Downloads/education)
2025-09-21T19:08:03.520+05:30 DEBUG 18517 --- [education] [           main] c.e.education.EducationApplication       : Running with Spring Boot v3.5.5, Spring v6.2.10
2025-09-21T19:08:03.520+05:30  INFO 18517 --- [education] [           main] c.e.education.EducationApplication       : No active profile set, falling back to 1 default profile: "default"
2025-09-21T19:08:03.738+05:30  INFO 18517 --- [education] [           main] .s.d.r.c.RepositoryConfigurationDelegate : Bootstrapping Spring Data JPA repositories in DEFAULT mode.
2025-09-21T19:08:03.793+05:30  INFO 18517 --- [education] [           main] .s.d.r.c.RepositoryConfigurationDelegate : Finished Spring Data repository scanning in 51 ms. Found 4 JPA repository interfaces.
2025-09-21T19:08:03.960+05:30  INFO 18517 --- [education] [           main] o.s.b.w.embedded.tomcat.TomcatWebServer  : Tomcat initialized with port 8080 (http)
2025-09-21T19:08:03.964+05:30  INFO 18517 --- [education] [           main] o.apache.catalina.core.StandardService   : Starting service [Tomcat]
2025-09-21T19:08:03.964+05:30  INFO 18517 --- [education] [           main] o.apache.catalina.core.StandardEngine    : Starting Servlet engine: [Apache Tomcat/10.1.44]
2025-09-21T19:08:03.982+05:30  INFO 18517 --- [education] [           main] o.a.c.c.C.[Tomcat].[localhost].[/]       : Initializing Spring embedded WebApplicationContext
2025-09-21T19:08:03.983+05:30  INFO 18517 --- [education] [           main] w.s.c.ServletWebServerApplicationContext : Root WebApplicationContext: initialization completed in 450 ms
Standard Commons Logging discovery in action with spring-jcl: please remove commons-logging.jar from classpath in order to avoid potential conflicts
2025-09-21T19:08:03.999+05:30 DEBUG 18517 --- [education] [           main] c.e.education.config.JwtRequestFilter    : Filter 'jwtRequestFilter' configured for use
2025-09-21T19:08:04.032+05:30  INFO 18517 --- [education] [           main] o.hibernate.jpa.internal.util.LogHelper  : HHH000204: Processing PersistenceUnitInfo [name: default]
2025-09-21T19:08:04.048+05:30  INFO 18517 --- [education] [           main] org.hibernate.Version                    : HHH000412: Hibernate ORM core version 6.6.26.Final
2025-09-21T19:08:04.057+05:30  INFO 18517 --- [education] [           main] o.h.c.internal.RegionFactoryInitiator    : HHH000026: Second-level cache disabled
2025-09-21T19:08:04.134+05:30  INFO 18517 --- [education] [           main] o.s.o.j.p.SpringPersistenceUnitInfo      : No LoadTimeWeaver setup: ignoring JPA class transformer
2025-09-21T19:08:04.142+05:30  INFO 18517 --- [education] [           main] com.zaxxer.hikari.HikariDataSource       : HikariPool-1 - Starting...
2025-09-21T19:08:04.195+05:30  INFO 18517 --- [education] [           main] com.zaxxer.hikari.pool.HikariPool        : HikariPool-1 - Added connection org.postgresql.jdbc.PgConnection@f1d1463
2025-09-21T19:08:04.196+05:30  INFO 18517 --- [education] [           main] com.zaxxer.hikari.HikariDataSource       : HikariPool-1 - Start completed.
2025-09-21T19:08:04.207+05:30  WARN 18517 --- [education] [           main] org.hibernate.orm.deprecation            : HHH90000025: PostgreSQLDialect does not need to be specified explicitly using 'hibernate.dialect' (remove the property setting and it will be selected by default)
2025-09-21T19:08:04.213+05:30  INFO 18517 --- [education] [           main] org.hibernate.orm.connections.pooling    : HHH10001005: Database info:
	Database JDBC URL [Connecting through datasource 'HikariDataSource (HikariPool-1)']
	Database driver: undefined/unknown
	Database version: 17.6
	Autocommit mode: undefined/unknown
	Isolation level: undefined/unknown
	Minimum pool size: undefined/unknown
	Maximum pool size: undefined/unknown
2025-09-21T19:08:04.538+05:30  INFO 18517 --- [education] [           main] o.h.e.t.j.p.i.JtaPlatformInitiator       : HHH000489: No JTA platform available (set 'hibernate.transaction.jta.platform' to enable JTA platform integration)
2025-09-21T19:08:04.693+05:30  INFO 18517 --- [education] [           main] j.LocalContainerEntityManagerFactoryBean : Initialized JPA EntityManagerFactory for persistence unit 'default'
2025-09-21T19:08:04.774+05:30  INFO 18517 --- [education] [           main] o.s.d.j.r.query.QueryEnhancerFactory     : Hibernate is in classpath; If applicable, HQL parser will be used.
2025-09-21T19:08:05.416+05:30  WARN 18517 --- [education] [           main] JpaBaseConfiguration$JpaWebConfiguration : spring.jpa.open-in-view is enabled by default. Therefore, database queries may be performed during view rendering. Explicitly configure spring.jpa.open-in-view to disable this warning
2025-09-21T19:08:05.469+05:30 DEBUG 18517 --- [education] [           main] swordEncoderAuthenticationManagerBuilder : No authenticationProviders and no parentAuthenticationManager defined. Returning null.
2025-09-21T19:08:05.498+05:30 DEBUG 18517 --- [education] [           main] o.s.s.web.DefaultSecurityFilterChain     : Will secure any request with filters: DisableEncodeUrlFilter, WebAsyncManagerIntegrationFilter, SecurityContextHolderFilter, HeaderWriterFilter, CorsFilter, LogoutFilter, RequestCacheAwareFilter, SecurityContextHolderAwareRequestFilter, AnonymousAuthenticationFilter, SessionManagementFilter, ExceptionTranslationFilter, AuthorizationFilter
2025-09-21T19:08:05.542+05:30  WARN 18517 --- [education] [           main] ion$DefaultTemplateResolverConfiguration : Cannot find template location: classpath:/templates/ (please add some templates, check your Thymeleaf configuration, or set spring.thymeleaf.check-template-location=false)
2025-09-21T19:08:05.611+05:30  INFO 18517 --- [education] [           main] o.s.b.w.embedded.tomcat.TomcatWebServer  : Tomcat started on port 8080 (http) with context path '/'
2025-09-21T19:08:05.615+05:30  INFO 18517 --- [education] [           main] c.e.education.EducationApplication       : Started EducationApplication in 2.216 seconds (process running for 2.32)
2025-09-21T19:08:05.641+05:30 DEBUG 18517 --- [education] [           main] org.hibernate.SQL                        : 
    /* select
        count(*) 
    from
        College x */ select
            count(*) 
        from
            colleges c1_0
College data already exists. Skipping initialization.
2025-09-21T19:08:05.646+05:30 DEBUG 18517 --- [education] [           main] org.hibernate.SQL                        : 
    /* select
        count(*) 
    from
        Quiz x */ select
            count(*) 
        from
            quizzes q1_0
2025-09-21T19:08:21.253+05:30  INFO 18517 --- [education] [0.0-8080-exec-1] o.a.c.c.C.[Tomcat].[localhost].[/]       : Initializing Spring DispatcherServlet 'dispatcherServlet'
2025-09-21T19:08:21.253+05:30  INFO 18517 --- [education] [0.0-8080-exec-1] o.s.web.servlet.DispatcherServlet        : Initializing Servlet 'dispatcherServlet'
2025-09-21T19:08:21.254+05:30  INFO 18517 --- [education] [0.0-8080-exec-1] o.s.web.servlet.DispatcherServlet        : Completed initialization in 1 ms
2025-09-21T19:08:21.258+05:30 DEBUG 18517 --- [education] [0.0-8080-exec-1] o.s.security.web.FilterChainProxy        : Securing POST /api/auth/guest-login
2025-09-21T19:08:21.261+05:30 DEBUG 18517 --- [education] [0.0-8080-exec-1] o.s.s.w.a.AnonymousAuthenticationFilter  : Set SecurityContextHolder to anonymous SecurityContext
2025-09-21T19:08:21.262+05:30 DEBUG 18517 --- [education] [0.0-8080-exec-1] o.s.security.web.FilterChainProxy        : Secured POST /api/auth/guest-login
2025-09-21T19:10:21.163+05:30 DEBUG 18517 --- [education] [0.0-8080-exec-3] o.s.security.web.FilterChainProxy        : Securing POST /api/auth/guest-login
2025-09-21T19:10:21.163+05:30 DEBUG 18517 --- [education] [0.0-8080-exec-3] o.s.s.w.a.AnonymousAuthenticationFilter  : Set SecurityContextHolder to anonymous SecurityContext
2025-09-21T19:10:21.163+05:30 DEBUG 18517 --- [education] [0.0-8080-exec-3] o.s.security.web.FilterChainProxy        : Secured POST /api/auth/guest-login
2025-09-21T19:11:02.435+05:30 DEBUG 18517 --- [education] [0.0-8080-exec-5] o.s.security.web.FilterChainProxy        : Securing POST /api/auth/guest-login
2025-09-21T19:11:02.435+05:30 DEBUG 18517 --- [education] [0.0-8080-exec-5] o.s.s.w.a.AnonymousAuthenticationFilter  : Set SecurityContextHolder to anonymous SecurityContext
2025-09-21T19:11:02.435+05:30 DEBUG 18517 --- [education] [0.0-8080-exec-5] o.s.security.web.FilterChainProxy        : Secured POST /api/auth/guest-login
2025-09-21T19:19:51.242+05:30 DEBUG 18517 --- [education] [0.0-8080-exec-7] o.s.security.web.FilterChainProxy        : Securing POST /api/auth/guest-login
2025-09-21T19:19:51.245+05:30 DEBUG 18517 --- [education] [0.0-8080-exec-7] o.s.s.w.a.AnonymousAuthenticationFilter  : Set SecurityContextHolder to anonymous SecurityContext
2025-09-21T19:19:51.245+05:30 DEBUG 18517 --- [education] [0.0-8080-exec-7] o.s.security.web.FilterChainProxy        : Secured POST /api/auth/guest-login
[INFO] ------------------------------------------------------------------------
[INFO] BUILD FAILURE
[INFO] ------------------------------------------------------------------------
[INFO] Total time:  20:58 min
[INFO] Finished at: 2025-09-21T19:28:59+05:30
[INFO] ------------------------------------------------------------------------
[ERROR] Failed to execute goal org.springframework.boot:spring-boot-maven-plugin:3.5.5:run (default-cli) on project education: Process terminated with exit code: 137 -> [Help 1]
[ERROR] 
[ERROR] To see the full stack trace of the errors, re-run Maven with the -e switch.
[ERROR] Re-run Maven using the -X switch to enable full debug logging.
[ERROR] 
[ERROR] For more information about the errors and possible solutions, please read the following articles:
[ERROR] [Help 1] http://cwiki.apache.org/confluence/display/MAVEN/MojoExecutionException
